g:\design projects (programming)\application development\node editor\node editor\dreameditor\debug\aboutpopupscreen.obj
g:\design projects (programming)\application development\node editor\node editor\dreameditor\debug\hash.obj
g:\design projects (programming)\application development\node editor\node editor\dreameditor\debug\helpmenupopupmenu.obj
g:\design projects (programming)\application development\node editor\node editor\dreameditor\debug\fontmanager.obj
g:\design projects (programming)\application development\node editor\node editor\dreameditor\debug\renderablecirclesinstance.obj
g:\design projects (programming)\application development\node editor\node editor\dreameditor\debug\renderablecursorhighlight.obj
g:\design projects (programming)\application development\node editor\node editor\dreameditor\debug\renderable.obj
g:\design projects (programming)\application development\node editor\node editor\dreameditor\debug\searchfield.obj
g:\design projects (programming)\application development\node editor\node editor\dreameditor\debug\textnode.obj
g:\design projects (programming)\application development\node editor\node editor\dreameditor\debug\canvasnode.obj
g:\design projects (programming)\application development\node editor\node editor\dreameditor\debug\imagenodepropertypanel.obj
g:\design projects (programming)\application development\node editor\node editor\dreameditor\debug\imagedata.obj
g:\design projects (programming)\application development\node editor\node editor\dreameditor\debug\polysoup.obj
g:\design projects (programming)\application development\node editor\node editor\dreameditor\debug\panel.obj
g:\design projects (programming)\application development\node editor\node editor\dreameditor\debug\renderable3dmesh.obj
g:\design projects (programming)\application development\node editor\node editor\dreameditor\debug\shortcutspopupscreen.obj
g:\design projects (programming)\application development\node editor\node editor\dreameditor\debug\textbox.obj
g:\design projects (programming)\application development\node editor\node editor\dreameditor\debug\texteditor.obj
g:\design projects (programming)\application development\node editor\node editor\dreameditor\debug\button.obj
g:\design projects (programming)\application development\node editor\node editor\dreameditor\debug\imageresource.obj
g:\design projects (programming)\application development\node editor\node editor\dreameditor\debug\mathelegent.obj
g:\design projects (programming)\application development\node editor\node editor\dreameditor\debug\meshcreationpopupmenu.obj
g:\design projects (programming)\application development\node editor\node editor\dreameditor\debug\meshresource.obj
g:\design projects (programming)\application development\node editor\node editor\dreameditor\debug\renderableline.obj
g:\design projects (programming)\application development\node editor\node editor\dreameditor\debug\renderableroundcornerframe.obj
g:\design projects (programming)\application development\node editor\node editor\dreameditor\debug\systemwrapper.obj
g:\design projects (programming)\application development\node editor\node editor\dreameditor\debug\textnodepropertypanel.obj
g:\design projects (programming)\application development\node editor\node editor\dreameditor\debug\anywheredoor.obj
g:\design projects (programming)\application development\node editor\node editor\dreameditor\debug\colors.obj
g:\design projects (programming)\application development\node editor\node editor\dreameditor\debug\documentpropertypanel.obj
g:\design projects (programming)\application development\node editor\node editor\dreameditor\debug\interfaceelement.obj
g:\design projects (programming)\application development\node editor\node editor\dreameditor\debug\linkedlist.obj
g:\design projects (programming)\application development\node editor\node editor\dreameditor\debug\material.obj
g:\design projects (programming)\application development\node editor\node editor\dreameditor\debug\meshnodepropertypanel.obj
g:\design projects (programming)\application development\node editor\node editor\dreameditor\debug\proeprtypanel.obj
g:\design projects (programming)\application development\node editor\node editor\dreameditor\debug\renderableroundsidesquad.obj
g:\design projects (programming)\application development\node editor\node editor\dreameditor\debug\staticshape.obj
g:\design projects (programming)\application development\node editor\node editor\dreameditor\debug\textarea.obj
g:\design projects (programming)\application development\node editor\node editor\dreameditor\debug\textlabel.obj
g:\design projects (programming)\application development\node editor\node editor\dreameditor\debug\textspecparser.obj
g:\design projects (programming)\application development\node editor\node editor\dreameditor\debug\canvas.obj
g:\design projects (programming)\application development\node editor\node editor\dreameditor\debug\mapeditor.obj
g:\design projects (programming)\application development\node editor\node editor\dreameditor\debug\materialtextures.obj
g:\design projects (programming)\application development\node editor\node editor\dreameditor\debug\meshnode.obj
g:\design projects (programming)\application development\node editor\node editor\dreameditor\debug\renderablebase.obj
g:\design projects (programming)\application development\node editor\node editor\dreameditor\debug\renderablestring.obj
g:\design projects (programming)\application development\node editor\node editor\dreameditor\debug\renderable3dterrain.obj
g:\design projects (programming)\application development\node editor\node editor\dreameditor\debug\renderabledebugray.obj
g:\design projects (programming)\application development\node editor\node editor\dreameditor\debug\textcontainer.obj
g:\design projects (programming)\application development\node editor\node editor\dreameditor\debug\canvasnodesortedlinkedlist.obj
g:\design projects (programming)\application development\node editor\node editor\dreameditor\debug\constants.obj
g:\design projects (programming)\application development\node editor\node editor\dreameditor\debug\filemenupopupmenu.obj
g:\design projects (programming)\application development\node editor\node editor\dreameditor\debug\mainmenu.obj
g:\design projects (programming)\application development\node editor\node editor\dreameditor\debug\meshspec.obj
g:\design projects (programming)\application development\node editor\node editor\dreameditor\debug\renderableimagerect.obj
g:\design projects (programming)\application development\node editor\node editor\dreameditor\debug\renderable3dquoteframe.obj
g:\design projects (programming)\application development\node editor\node editor\dreameditor\debug\terrainnode.obj
g:\design projects (programming)\application development\node editor\node editor\dreameditor\debug\cameranode.obj
g:\design projects (programming)\application development\node editor\node editor\dreameditor\debug\interface.obj
g:\design projects (programming)\application development\node editor\node editor\dreameditor\debug\main.obj
g:\design projects (programming)\application development\node editor\node editor\dreameditor\debug\popupmenu.obj
g:\design projects (programming)\application development\node editor\node editor\dreameditor\debug\renderableroundcornerquad.obj
g:\design projects (programming)\application development\node editor\node editor\dreameditor\debug\shaders.obj
g:\design projects (programming)\application development\node editor\node editor\dreameditor\debug\stringdata.obj
g:\design projects (programming)\application development\node editor\node editor\dreameditor\debug\time.obj
g:\design projects (programming)\application development\node editor\node editor\dreameditor\debug\windowmenupopupmenu.obj
g:\design projects (programming)\application development\node editor\node editor\dreameditor\debug\attribute.obj
g:\design projects (programming)\application development\node editor\node editor\dreameditor\debug\fontinfo.obj
g:\design projects (programming)\application development\node editor\node editor\dreameditor\debug\gridlayout.obj
g:\design projects (programming)\application development\node editor\node editor\dreameditor\debug\imagenode.obj
g:\design projects (programming)\application development\node editor\node editor\dreameditor\debug\graphmanager.obj
g:\design projects (programming)\application development\node editor\node editor\dreameditor\debug\singleimage.obj
g:\design projects (programming)\application development\node editor\node editor\dreameditor\debug\sun.obj
g:\design projects (programming)\application development\node editor\node editor\dreameditor\debug\renderableimageicon.obj
g:\design projects (programming)\application development\node editor\node editor\dreameditor\debug\shaderresource.obj
g:\design projects (programming)\application development\node editor\node editor\dreameditor\debug\testsource.obj
g:\design projects (programming)\application development\node editor\node editor\dreameditor\debug\world.obj
g:\design projects (programming)\application development\node editor\node editor\dreameditor\debug\vc141.pdb
g:\design projects (programming)\application development\node editor\node editor\execution environment\dreameditor.ilk
g:\design projects (programming)\application development\node editor\node editor\execution environment\dreameditor.exe
g:\design projects (programming)\application development\node editor\node editor\execution environment\dreameditor.pdb
g:\design projects (programming)\application development\node editor\node editor\dreameditor\debug\dreameditor.res
g:\design projects (programming)\application development\node editor\node editor\dreameditor\debug\vc141.idb
g:\design projects (programming)\application development\node editor\node editor\dreameditor\debug\dreameditor.tlog\cl.command.1.tlog
g:\design projects (programming)\application development\node editor\node editor\dreameditor\debug\dreameditor.tlog\cl.read.1.tlog
g:\design projects (programming)\application development\node editor\node editor\dreameditor\debug\dreameditor.tlog\cl.write.1.tlog
g:\design projects (programming)\application development\node editor\node editor\dreameditor\debug\dreameditor.tlog\link.command.1.tlog
g:\design projects (programming)\application development\node editor\node editor\dreameditor\debug\dreameditor.tlog\link.read.1.tlog
g:\design projects (programming)\application development\node editor\node editor\dreameditor\debug\dreameditor.tlog\link.write.1.tlog
g:\design projects (programming)\application development\node editor\node editor\dreameditor\debug\dreameditor.tlog\rc.command.1.tlog
g:\design projects (programming)\application development\node editor\node editor\dreameditor\debug\dreameditor.tlog\rc.read.1.tlog
g:\design projects (programming)\application development\node editor\node editor\dreameditor\debug\dreameditor.tlog\rc.write.1.tlog
